timestamp: 2012-11-14T16:44:43.124000
CREATE TABLE tabDocument(
    id INTEGER PRIMARY KEY AUTOINCREMENT,
    doc_name CHAR(512) NOT NULL UNIQUE,
    doc_title CHAR(512) NOT NULL,
    doc_description TEXT,
    doc_parent INTEGER REFERENCES tabDocument (id) ON DELETE CASCADE,
    doc_tablename CHAR(512) NOT NULL,
    doc_meta TEXT,
    is_active CHAR(1),
    created_on TIMESTAMP,
    created_by INTEGER REFERENCES auth_user (id) ON DELETE CASCADE,
    modified_on TIMESTAMP,
    modified_by INTEGER REFERENCES auth_user (id) ON DELETE CASCADE
);
success!
timestamp: 2012-11-14T16:44:43.290000
CREATE TABLE tabDocumentField(
    id INTEGER PRIMARY KEY AUTOINCREMENT,
    document INTEGER REFERENCES tabDocument (id) ON DELETE CASCADE,
    idx INTEGER NOT NULL DEFAULT 1,
    df_name CHAR(512) NOT NULL,
    df_type CHAR(512) NOT NULL,
    df_label CHAR(512),
    df_description TEXT,
    df_default TEXT,
    df_meta TEXT,
    is_active CHAR(1),
    created_on TIMESTAMP,
    created_by INTEGER REFERENCES auth_user (id) ON DELETE CASCADE,
    modified_on TIMESTAMP,
    modified_by INTEGER REFERENCES auth_user (id) ON DELETE CASCADE
);
success!
timestamp: 2012-11-14T16:44:43.441000
CREATE TABLE tabTags(
    id INTEGER PRIMARY KEY AUTOINCREMENT,
    tag_name CHAR(512) NOT NULL,
    is_active CHAR(1),
    created_on TIMESTAMP,
    created_by INTEGER REFERENCES auth_user (id) ON DELETE CASCADE,
    modified_on TIMESTAMP,
    modified_by INTEGER REFERENCES auth_user (id) ON DELETE CASCADE
);
success!
timestamp: 2012-11-14T16:44:43.499000
CREATE TABLE tabDocumentTag(
    id INTEGER PRIMARY KEY AUTOINCREMENT,
    document INTEGER REFERENCES tabTags (id) ON DELETE CASCADE,
    data_id INTEGER NOT NULL,
    tag INTEGER REFERENCES tabDocumentTags (id) ON DELETE CASCADE,
    is_active CHAR(1),
    created_on TIMESTAMP,
    created_by INTEGER REFERENCES auth_user (id) ON DELETE CASCADE,
    modified_on TIMESTAMP,
    modified_by INTEGER REFERENCES auth_user (id) ON DELETE CASCADE
);
success!
timestamp: 2012-11-14T16:44:43.567000
CREATE TABLE tabDocumentComment(
    id INTEGER PRIMARY KEY AUTOINCREMENT,
    document INTEGER REFERENCES tabDocument (id) ON DELETE CASCADE,
    data_id INTEGER NOT NULL,
    comment TEXT NOT NULL,
    is_active CHAR(1),
    created_on TIMESTAMP,
    created_by INTEGER REFERENCES auth_user (id) ON DELETE CASCADE,
    modified_on TIMESTAMP,
    modified_by INTEGER REFERENCES auth_user (id) ON DELETE CASCADE
);
success!
timestamp: 2012-11-14T16:44:43.676000
CREATE TABLE auth_user(
    id INTEGER PRIMARY KEY AUTOINCREMENT,
    first_name CHAR(128),
    last_name CHAR(128),
    email CHAR(512),
    password CHAR(512),
    registration_key CHAR(512),
    reset_password_key CHAR(512),
    registration_id CHAR(512),
    nickname CHAR(512),
    avatar CHAR(512),
    thumbnail CHAR(512),
    about TEXT,
    gender CHAR(512),
    birthdate DATE
);
success!
timestamp: 2012-11-14T16:44:43.756000
CREATE TABLE auth_group(
    id INTEGER PRIMARY KEY AUTOINCREMENT,
    role CHAR(512),
    description TEXT
);
success!
timestamp: 2012-11-14T16:44:43.910000
CREATE TABLE auth_membership(
    id INTEGER PRIMARY KEY AUTOINCREMENT,
    user_id INTEGER REFERENCES auth_user (id) ON DELETE CASCADE,
    group_id INTEGER REFERENCES auth_group (id) ON DELETE CASCADE
);
success!
timestamp: 2012-11-14T16:44:44.083000
CREATE TABLE auth_permission(
    id INTEGER PRIMARY KEY AUTOINCREMENT,
    group_id INTEGER REFERENCES auth_group (id) ON DELETE CASCADE,
    name CHAR(512),
    table_name CHAR(512),
    record_id INTEGER
);
success!
timestamp: 2012-11-14T16:44:44.164000
CREATE TABLE auth_event(
    id INTEGER PRIMARY KEY AUTOINCREMENT,
    time_stamp TIMESTAMP,
    client_ip CHAR(512),
    user_id INTEGER REFERENCES auth_user (id) ON DELETE CASCADE,
    origin CHAR(512),
    description TEXT
);
success!
timestamp: 2012-11-14T16:44:44.213000
CREATE TABLE auth_cas(
    id INTEGER PRIMARY KEY AUTOINCREMENT,
    user_id INTEGER REFERENCES auth_user (id) ON DELETE CASCADE,
    created_on TIMESTAMP,
    service CHAR(512),
    ticket CHAR(512),
    renew CHAR(1)
);
success!
